生成启动时间为 2014/6/15 14:22:18。
     1>项目“D:\VC6.0\MyProjects\treemesure\treemesure.vcxproj”在节点 2 上(build 个目标)。
     1>InitializeBuildStatus:
         正在对“.\Debug\treemesure.unsuccessfulbuild”执行 Touch 任务。
       ClCompile:
         所有输出均为最新。
         C:\Program Files (x86)\Microsoft Visual Studio 10.0\VC\bin\CL.exe /c /ZI /nologo /W3 /WX- /Od /Oy- /D WIN32 /D _DEBUG /D _WINDOWS /D _VC80_UPGRADE=0x0600 /D _MBCS /D _AFXDLL /Gm /EHsc /RTC1 /MDd /GS /Gy- /fp:precise /Zc:wchar_t /Zc:forScope /Fo".\Debug\\" /Fd".\Debug\vc100.pdb" /Gd /TP /analyze- /errorReport:prompt treemesureDlg.cpp
         treemesureDlg.cpp
         _WIN32_WINNT not defined. Defaulting to _WIN32_WINNT_MAXVER (see WinSDKVer.h)
     1>d:\vc6.0\myprojects\treemesure\treemesuredlg.cpp(261): warning C4996: 'sscanf': This function or variable may be unsafe. Consider using sscanf_s instead. To disable deprecation, use _CRT_SECURE_NO_WARNINGS. See online help for details.
                 c:\program files (x86)\microsoft visual studio 10.0\vc\include\stdio.h(325) : 参见“sscanf”的声明
     1>d:\vc6.0\myprojects\treemesure\treemesuredlg.cpp(301): warning C4010: 单行注释包含行继续符
     1>d:\vc6.0\myprojects\treemesure\treemesuredlg.cpp(419): warning C4996: 'sscanf': This function or variable may be unsafe. Consider using sscanf_s instead. To disable deprecation, use _CRT_SECURE_NO_WARNINGS. See online help for details.
                 c:\program files (x86)\microsoft visual studio 10.0\vc\include\stdio.h(325) : 参见“sscanf”的声明
       ResourceCompile:
         所有输出均为最新。
       ManifestResourceCompile:
         所有输出均为最新。
       Link:
         C:\Program Files (x86)\Microsoft Visual Studio 10.0\VC\bin\link.exe /ERRORREPORT:PROMPT /OUT:".\Debug\treemesure.exe" /INCREMENTAL /NOLOGO /MANIFEST /ManifestFile:".\Debug\treemesure.exe.intermediate.manifest" /MANIFESTUAC:"level='asInvoker' uiAccess='false'" /DEBUG /PDB:"D:\VC6.0\MyProjects\treemesure\Debug\treemesure.pdb" /SUBSYSTEM:WINDOWS /TLBID:1 /DYNAMICBASE /NXCOMPAT /IMPLIB:".\Debug\treemesure.lib" /MACHINE:X86 .\Debug\treemesure.res
         .\Debug\treemesure.exe.embed.manifest.res
         .\Debug\StdAfx.obj
         .\Debug\treemesure.obj
         .\Debug\treemesureDlg.obj
       Manifest:
         C:\Program Files (x86)\Microsoft SDKs\Windows\v7.0A\bin\mt.exe /nologo /verbose /out:".\Debug\treemesure.exe.embed.manifest" /manifest .\Debug\treemesure.exe.intermediate.manifest "C:\Program Files (x86)\Microsoft Visual Studio 10.0\VC\Include\Manifest\dpiaware.manifest"
         所有输出均为最新。
       LinkEmbedManifest:
         所有输出均为最新。
         treemesure.vcxproj -> D:\VC6.0\MyProjects\treemesure\.\Debug\treemesure.exe
       FinalizeBuildStatus:
         正在删除文件“.\Debug\treemesure.unsuccessfulbuild”。
         正在对“.\Debug\treemesure.lastbuildstate”执行 Touch 任务。
     1>已完成生成项目“D:\VC6.0\MyProjects\treemesure\treemesure.vcxproj”(build 个目标)的操作。

生成成功。

已用时间 00:00:02.47
